<?xml version="1.0" encoding="UTF-8"?>
<!-- Generated by org.testng.reporters.JUnitXMLReporter -->
<testsuite hostname="DESKTOP-6GG2TDV" ignored="0" name="App Test" tests="2" failures="0" timestamp="12 Nov 2018 16:52:17 GMT" time="19.932" errors="0">
  <testcase name="RunningTest1" time="2.482" classname="com.seleniumInterviewQuestions.com.seleniumInterviewQuestions.AllTestNGAnnotation"/>
  <testcase name="RunningTest2" time="7.452" classname="com.seleniumInterviewQuestions.com.seleniumInterviewQuestions.AllTestNGAnnotation"/>
</testsuite> <!-- App Test -->
