<?xml version="1.0" encoding="UTF-8"?>
<testng-results skipped="0" failed="0" ignored="0" total="1" passed="1">
  <reporter-output>
  </reporter-output>
  <suite name="Default suite" duration-ms="22917" started-at="2018-11-17T17:19:36Z" finished-at="2018-11-17T17:19:59Z">
    <groups>
    </groups>
    <test name="Default test" duration-ms="22917" started-at="2018-11-17T17:19:36Z" finished-at="2018-11-17T17:19:59Z">
      <class name="com.seleniumInterviewQuestions.com.seleniumInterviewQuestions.AutomatingBarCode">
        <test-method status="PASS" signature="BarcodeTest()[pri:0, instance:com.seleniumInterviewQuestions.com.seleniumInterviewQuestions.AutomatingBarCode@4dfa3a9d]" name="BarcodeTest" duration-ms="22863" started-at="2018-11-17T22:49:36Z" finished-at="2018-11-17T22:49:59Z">
          <reporter-output>
          </reporter-output>
        </test-method> <!-- BarcodeTest -->
      </class> <!-- com.seleniumInterviewQuestions.com.seleniumInterviewQuestions.AutomatingBarCode -->
    </test> <!-- Default test -->
  </suite> <!-- Default suite -->
</testng-results>
